<?xml version="1.0" encoding="UTF-8"?>
<!-- Generated by org.testng.reporters.JUnitReportReporter -->
<testsuite hostname="LAPTOP-NR2IR3B4" failures="0" tests="1" name="com.kumari.Test.TC02VerifyEarrringSection" time="1.405" errors="0" timestamp="2025-07-26T23:49:05 IST" skipped="0">
  <testcase classname="com.kumari.Test.TC02VerifyEarrringSection" name="getsubmenuUnderShopByStyle" time="1.405"/>
</testsuite> <!-- com.kumari.Test.TC02VerifyEarrringSection -->
