<?xml version="1.0" encoding="UTF-8"?>
<!-- Generated by org.testng.reporters.JUnitReportReporter -->
<testsuite hostname="LAPTOP-NR2IR3B4" failures="0" tests="2" name="littlestation.Tc01HomePage" time="0.687" errors="0" timestamp="2025-07-24T11:21:23 IST" skipped="0">
  <testcase classname="littlestation.Tc01HomePage" name="launchApplciation" time="0.383"/>
  <testcase classname="littlestation.Tc01HomePage" name="validateLink" time="0.304"/>
</testsuite> <!-- littlestation.Tc01HomePage -->
