<?xml version="1.0" encoding="UTF-8"?>
<!-- Generated by org.testng.reporters.JUnitReportReporter -->
<testsuite hostname="LAPTOP-NR2IR3B4" failures="0" tests="1" name="com.kumari.Test.TC01SignUp" time="0.147" errors="0" timestamp="2025-07-25T11:35:35 IST" skipped="0">
  <testcase classname="com.kumari.Test.TC01SignUp" name="SignupWebsitefromPopup" time="0.147"/>
</testsuite> <!-- com.kumari.Test.TC01SignUp -->
