<?xml version="1.0" encoding="UTF-8"?>
<!-- Generated by org.testng.reporters.JUnitReportReporter -->
<testsuite hostname="LAPTOP-NR2IR3B4" failures="0" tests="1" name="moneyControlWebsite.Allevents" time="13.420" errors="0" timestamp="2025-07-22T09:43:55 IST" skipped="0">
  <testcase classname="moneyControlWebsite.Allevents" name="temp" time="13.420"/>
</testsuite> <!-- moneyControlWebsite.Allevents -->
