<?xml version="1.0" encoding="UTF-8"?>
<!-- Generated by org.testng.reporters.JUnitReportReporter -->
<testsuite hostname="LAPTOP-NR2IR3B4" failures="0" tests="1" name="littlestation.Tc01HomePage" time="5.165" errors="0" timestamp="2025-07-09T15:17:03 IST" skipped="0">
  <testcase classname="littlestation.Tc01HomePage" name="launchApplciation" time="5.165"/>
</testsuite> <!-- littlestation.Tc01HomePage -->
